{"/home/benja/workspace/sld-frontend/src/components/AuthCard/AuthCard.tsx": {"path":"/home/benja/workspace/sld-frontend/src/components/AuthCard/AuthCard.tsx","statementMap":{"0":{"start":{"line":1,"column":0},"end":{"line":1,"column":16}},"1":{"start":{"line":2,"column":2},"end":{"line":24,"column":4}}},"fnMap":{"0":{"name":"AuthCard","decl":{"start":{"line":1,"column":16},"end":{"line":1,"column":24}},"loc":{"start":{"line":1,"column":24},"end":{"line":25,"column":1}}}},"branchMap":{},"s":{"0":1,"1":3},"f":{"0":3},"b":{}}
,"/home/benja/workspace/sld-frontend/src/components/ServiceSummary/ServiceSummary.tsx": {"path":"/home/benja/workspace/sld-frontend/src/components/ServiceSummary/ServiceSummary.tsx","statementMap":{"0":{"start":{"line":13,"column":0},"end":{"line":13,"column":16}},"1":{"start":{"line":7,"column":32},"end":{"line":11,"column":2}},"2":{"start":{"line":14,"column":2},"end":{"line":34,"column":4}},"3":{"start":{"line":26,"column":10},"end":{"line":26,"column":null}}},"fnMap":{"0":{"name":"ServiceSummary","decl":{"start":{"line":13,"column":16},"end":{"line":13,"column":30}},"loc":{"start":{"line":13,"column":30},"end":{"line":35,"column":1}}},"1":{"name":"(anonymous_1)","decl":{"start":{"line":25,"column":22},"end":{"line":25,"column":23}},"loc":{"start":{"line":26,"column":10},"end":{"line":26,"column":null}}}},"branchMap":{},"s":{"0":1,"1":1,"2":4,"3":12},"f":{"0":4,"1":12},"b":{}}
,"/home/benja/workspace/sld-frontend/src/components/StudentWidget/StudentWidget.tsx": {"path":"/home/benja/workspace/sld-frontend/src/components/StudentWidget/StudentWidget.tsx","statementMap":{"0":{"start":{"line":12,"column":0},"end":{"line":12,"column":16}},"1":{"start":{"line":6,"column":26},"end":{"line":10,"column":2}},"2":{"start":{"line":13,"column":2},"end":{"line":34,"column":4}},"3":{"start":{"line":27,"column":10},"end":{"line":27,"column":null}}},"fnMap":{"0":{"name":"StudentWidget","decl":{"start":{"line":12,"column":16},"end":{"line":12,"column":29}},"loc":{"start":{"line":12,"column":29},"end":{"line":35,"column":1}}},"1":{"name":"(anonymous_1)","decl":{"start":{"line":26,"column":21},"end":{"line":26,"column":22}},"loc":{"start":{"line":27,"column":10},"end":{"line":27,"column":null}}}},"branchMap":{},"s":{"0":1,"1":1,"2":3,"3":9},"f":{"0":3,"1":9},"b":{}}
,"/home/benja/workspace/sld-frontend/src/services/register.ts": {"path":"/home/benja/workspace/sld-frontend/src/services/register.ts","statementMap":{"0":{"start":{"line":4,"column":16},"end":{"line":4,"column":34}},"1":{"start":{"line":6,"column":33},"end":{"line":62,"column":1}},"2":{"start":{"line":9,"column":2},"end":{"line":61,"column":3}},"3":{"start":{"line":10,"column":22},"end":{"line":16,"column":6}},"4":{"start":{"line":19,"column":4},"end":{"line":39,"column":5}},"5":{"start":{"line":21,"column":24},"end":{"line":21,"column":64}},"6":{"start":{"line":21,"column":59},"end":{"line":21,"column":63}},"7":{"start":{"line":24,"column":6},"end":{"line":26,"column":7}},"8":{"start":{"line":25,"column":8},"end":{"line":25,"column":36}},"9":{"start":{"line":29,"column":6},"end":{"line":38,"column":20}},"10":{"start":{"line":42,"column":18},"end":{"line":42,"column":40}},"11":{"start":{"line":43,"column":4},"end":{"line":43,"column":17}},"12":{"start":{"line":46,"column":4},"end":{"line":48,"column":5}},"13":{"start":{"line":47,"column":6},"end":{"line":47,"column":18}},"14":{"start":{"line":52,"column":4},"end":{"line":60,"column":18}},"15":{"start":{"line":6,"column":13},"end":{"line":6,"column":33}}},"fnMap":{"0":{"name":"(anonymous_0)","decl":{"start":{"line":6,"column":33},"end":{"line":6,"column":38}},"loc":{"start":{"line":8,"column":4},"end":{"line":62,"column":1}}},"1":{"name":"(anonymous_1)","decl":{"start":{"line":21,"column":53},"end":{"line":21,"column":56}},"loc":{"start":{"line":21,"column":59},"end":{"line":21,"column":63}}}},"branchMap":{"0":{"loc":{"start":{"line":19,"column":4},"end":{"line":39,"column":5}},"type":"if","locations":[{"start":{"line":19,"column":4},"end":{"line":39,"column":5}},{"start":{},"end":{}}]},"1":{"loc":{"start":{"line":24,"column":6},"end":{"line":26,"column":7}},"type":"if","locations":[{"start":{"line":24,"column":6},"end":{"line":26,"column":7}},{"start":{},"end":{}}]},"2":{"loc":{"start":{"line":24,"column":10},"end":{"line":24,"column":40}},"type":"binary-expr","locations":[{"start":{"line":24,"column":10},"end":{"line":24,"column":19}},{"start":{"line":24,"column":23},"end":{"line":24,"column":40}}]},"3":{"loc":{"start":{"line":32,"column":15},"end":{"line":32,"column":58}},"type":"binary-expr","locations":[{"start":{"line":32,"column":15},"end":{"line":32,"column":35}},{"start":{"line":32,"column":39},"end":{"line":32,"column":58}}]},"4":{"loc":{"start":{"line":46,"column":4},"end":{"line":48,"column":5}},"type":"if","locations":[{"start":{"line":46,"column":4},"end":{"line":48,"column":5}},{"start":{},"end":{}}]},"5":{"loc":{"start":{"line":46,"column":8},"end":{"line":46,"column":37}},"type":"binary-expr","locations":[{"start":{"line":46,"column":8},"end":{"line":46,"column":20}},{"start":{"line":46,"column":24},"end":{"line":46,"column":37}}]},"6":{"loc":{"start":{"line":57,"column":24},"end":{"line":57,"column":71}},"type":"binary-expr","locations":[{"start":{"line":57,"column":24},"end":{"line":57,"column":37}},{"start":{"line":57,"column":41},"end":{"line":57,"column":71}}]}},"s":{"0":1,"1":1,"2":4,"3":4,"4":3,"5":2,"6":1,"7":2,"8":1,"9":1,"10":1,"11":1,"12":3,"13":2,"14":1,"15":1},"f":{"0":4,"1":1},"b":{"0":[2,1],"1":[1,1],"2":[2,1],"3":[1,0],"4":[2,1],"5":[3,2],"6":[1,0]}}
}
