{"C:\\Users\\lucci\\OneDrive\\Documentos\\sld fullstack\\sld-frontend\\src\\components\\AuthCard\\AuthCard.tsx": {"path":"C:\\Users\\lucci\\OneDrive\\Documentos\\sld fullstack\\sld-frontend\\src\\components\\AuthCard\\AuthCard.tsx","statementMap":{"0":{"start":{"line":27,"column":0},"end":{"line":27,"column":16}},"1":{"start":{"line":1,"column":0},"end":{"line":1,"column":33}},"2":{"start":{"line":2,"column":0},"end":{"line":2,"column":52}},"3":{"start":{"line":13,"column":27},"end":{"line":25,"column":1}},"4":{"start":{"line":14,"column":26},"end":{"line":14,"column":52}},"5":{"start":{"line":16,"column":2},"end":{"line":18,"column":3}},"6":{"start":{"line":17,"column":4},"end":{"line":17,"column":73}},"7":{"start":{"line":20,"column":2},"end":{"line":22,"column":3}},"8":{"start":{"line":21,"column":4},"end":{"line":21,"column":72}},"9":{"start":{"line":24,"column":2},"end":{"line":24,"column":72}},"10":{"start":{"line":28,"column":28},"end":{"line":28,"column":40}},"11":{"start":{"line":29,"column":34},"end":{"line":29,"column":46}},"12":{"start":{"line":31,"column":22},"end":{"line":60,"column":3}},"13":{"start":{"line":32,"column":4},"end":{"line":59,"column":5}},"14":{"start":{"line":33,"column":23},"end":{"line":44,"column":8}},"15":{"start":{"line":46,"column":6},"end":{"line":46,"column":64}},"16":{"start":{"line":48,"column":6},"end":{"line":48,"column":66}},"17":{"start":{"line":50,"column":6},"end":{"line":50,"column":30}},"18":{"start":{"line":52,"column":6},"end":{"line":54,"column":7}},"19":{"start":{"line":53,"column":8},"end":{"line":53,"column":43}},"20":{"start":{"line":56,"column":6},"end":{"line":56,"column":27}},"21":{"start":{"line":58,"column":6},"end":{"line":58,"column":40}},"22":{"start":{"line":62,"column":2},"end":{"line":98,"column":4}},"23":{"start":{"line":78,"column":33},"end":{"line":78,"column":61}},"24":{"start":{"line":88,"column":33},"end":{"line":88,"column":64}}},"fnMap":{"0":{"name":"(anonymous_0)","decl":{"start":{"line":13,"column":27},"end":{"line":13,"column":28}},"loc":{"start":{"line":13,"column":57},"end":{"line":25,"column":1}}},"1":{"name":"AuthCard","decl":{"start":{"line":27,"column":16},"end":{"line":27,"column":24}},"loc":{"start":{"line":27,"column":51},"end":{"line":99,"column":1}}},"2":{"name":"(anonymous_2)","decl":{"start":{"line":31,"column":22},"end":{"line":31,"column":27}},"loc":{"start":{"line":31,"column":33},"end":{"line":60,"column":3}}},"3":{"name":"(anonymous_3)","decl":{"start":{"line":78,"column":22},"end":{"line":78,"column":23}},"loc":{"start":{"line":78,"column":33},"end":{"line":78,"column":61}}},"4":{"name":"(anonymous_4)","decl":{"start":{"line":88,"column":22},"end":{"line":88,"column":23}},"loc":{"start":{"line":88,"column":33},"end":{"line":88,"column":64}}}},"branchMap":{"0":{"loc":{"start":{"line":16,"column":2},"end":{"line":18,"column":3}},"type":"if","locations":[{"start":{"line":16,"column":2},"end":{"line":18,"column":3}},{"start":{},"end":{}}]},"1":{"loc":{"start":{"line":20,"column":2},"end":{"line":22,"column":3}},"type":"if","locations":[{"start":{"line":20,"column":2},"end":{"line":22,"column":3}},{"start":{},"end":{}}]},"2":{"loc":{"start":{"line":41,"column":20},"end":{"line":41,"column":100}},"type":"cond-expr","locations":[{"start":{"line":41,"column":62},"end":{"line":41,"column":81}},{"start":{"line":41,"column":84},"end":{"line":41,"column":100}}]},"3":{"loc":{"start":{"line":52,"column":6},"end":{"line":54,"column":7}},"type":"if","locations":[{"start":{"line":52,"column":6},"end":{"line":54,"column":7}},{"start":{},"end":{}}]}},"s":{"0":1,"1":1,"2":1,"3":1,"4":3,"5":3,"6":1,"7":2,"8":1,"9":1,"10":10,"11":10,"12":10,"13":4,"14":4,"15":4,"16":4,"17":4,"18":4,"19":3,"20":0,"21":0,"22":10,"23":3,"24":0},"f":{"0":3,"1":10,"2":4,"3":3,"4":0},"b":{"0":[1,2],"1":[1,1],"2":[4,0],"3":[3,1]}}
,"C:\\Users\\lucci\\OneDrive\\Documentos\\sld fullstack\\sld-frontend\\src\\components\\RegisterForm\\RegisterForm.tsx": {"path":"C:\\Users\\lucci\\OneDrive\\Documentos\\sld fullstack\\sld-frontend\\src\\components\\RegisterForm\\RegisterForm.tsx","statementMap":{"0":{"start":{"line":71,"column":0},"end":{"line":71,"column":16}},"1":{"start":{"line":1,"column":0},"end":{"line":1,"column":66}},"2":{"start":{"line":2,"column":0},"end":{"line":2,"column":55}},"3":{"start":{"line":36,"column":32},"end":{"line":59,"column":2}},"4":{"start":{"line":61,"column":40},"end":{"line":61,"column":72}},"5":{"start":{"line":63,"column":24},"end":{"line":69,"column":2}},"6":{"start":{"line":72,"column":26},"end":{"line":72,"column":59}},"7":{"start":{"line":73,"column":30},"end":{"line":75,"column":11}},"8":{"start":{"line":76,"column":32},"end":{"line":76,"column":44}},"9":{"start":{"line":78,"column":18},"end":{"line":132,"column":12}},"10":{"start":{"line":81,"column":4},"end":{"line":103,"column":5}},"11":{"start":{"line":83,"column":8},"end":{"line":86,"column":10}},"12":{"start":{"line":87,"column":8},"end":{"line":87,"column":14}},"13":{"start":{"line":90,"column":8},"end":{"line":92,"column":10}},"14":{"start":{"line":93,"column":8},"end":{"line":93,"column":14}},"15":{"start":{"line":96,"column":8},"end":{"line":101,"column":10}},"16":{"start":{"line":102,"column":8},"end":{"line":102,"column":14}},"17":{"start":{"line":105,"column":4},"end":{"line":131,"column":6}},"18":{"start":{"line":135,"column":4},"end":{"line":151,"column":5}},"19":{"start":{"line":136,"column":4},"end":{"line":151,"column":5}},"20":{"start":{"line":142,"column":8},"end":{"line":145,"column":30}},"21":{"start":{"line":147,"column":6},"end":{"line":150,"column":10}},"22":{"start":{"line":147,"column":28},"end":{"line":150,"column":8}},"23":{"start":{"line":152,"column":25},"end":{"line":172,"column":3}},"24":{"start":{"line":153,"column":4},"end":{"line":153,"column":27}},"25":{"start":{"line":155,"column":4},"end":{"line":155,"column":25}},"26":{"start":{"line":156,"column":4},"end":{"line":156,"column":41}},"27":{"start":{"line":158,"column":4},"end":{"line":171,"column":5}},"28":{"start":{"line":159,"column":6},"end":{"line":159,"column":30}},"29":{"start":{"line":161,"column":6},"end":{"line":161,"column":27}},"30":{"start":{"line":162,"column":6},"end":{"line":162,"column":54}},"31":{"start":{"line":165,"column":8},"end":{"line":167,"column":47}},"32":{"start":{"line":169,"column":6},"end":{"line":169,"column":25}},"33":{"start":{"line":170,"column":6},"end":{"line":170,"column":31}},"34":{"start":{"line":174,"column":2},"end":{"line":468,"column":4}},"35":{"start":{"line":217,"column":18},"end":{"line":217,"column":37}},"36":{"start":{"line":268,"column":22},"end":{"line":268,"column":42}}},"fnMap":{"0":{"name":"RegisterForm","decl":{"start":{"line":71,"column":16},"end":{"line":71,"column":28}},"loc":{"start":{"line":71,"column":28},"end":{"line":469,"column":1}}},"1":{"name":"(anonymous_1)","decl":{"start":{"line":78,"column":43},"end":{"line":78,"column":46}},"loc":{"start":{"line":78,"column":48},"end":{"line":132,"column":3}}},"2":{"name":"(anonymous_2)","decl":{"start":{"line":135,"column":4},"end":{"line":135,"column":5}},"loc":{"start":{"line":136,"column":4},"end":{"line":151,"column":5}}},"3":{"name":"(anonymous_3)","decl":{"start":{"line":136,"column":4},"end":{"line":136,"column":null}},"loc":{"start":{"line":140,"column":8},"end":{"line":151,"column":5}}},"4":{"name":"(anonymous_4)","decl":{"start":{"line":147,"column":14},"end":{"line":147,"column":15}},"loc":{"start":{"line":147,"column":28},"end":{"line":150,"column":8}}},"5":{"name":"(anonymous_5)","decl":{"start":{"line":152,"column":25},"end":{"line":152,"column":30}},"loc":{"start":{"line":152,"column":69},"end":{"line":172,"column":3}}},"6":{"name":"(anonymous_6)","decl":{"start":{"line":216,"column":27},"end":{"line":216,"column":28}},"loc":{"start":{"line":217,"column":18},"end":{"line":217,"column":37}}},"7":{"name":"(anonymous_7)","decl":{"start":{"line":267,"column":41},"end":{"line":267,"column":42}},"loc":{"start":{"line":268,"column":22},"end":{"line":268,"column":42}}}},"branchMap":{"0":{"loc":{"start":{"line":81,"column":4},"end":{"line":103,"column":5}},"type":"switch","locations":[{"start":{"line":82,"column":6},"end":{"line":87,"column":14}},{"start":{"line":89,"column":6},"end":{"line":93,"column":14}},{"start":{"line":95,"column":6},"end":{"line":102,"column":14}}]},"1":{"loc":{"start":{"line":122,"column":20},"end":{"line":122,"column":48}},"type":"binary-expr","locations":[{"start":{"line":122,"column":20},"end":{"line":122,"column":35}},{"start":{"line":122,"column":39},"end":{"line":122,"column":48}}]},"2":{"loc":{"start":{"line":124,"column":24},"end":{"line":124,"column":56}},"type":"binary-expr","locations":[{"start":{"line":124,"column":24},"end":{"line":124,"column":43}},{"start":{"line":124,"column":47},"end":{"line":124,"column":56}}]},"3":{"loc":{"start":{"line":142,"column":8},"end":{"line":145,"column":30}},"type":"cond-expr","locations":[{"start":{"line":144,"column":12},"end":{"line":144,"column":32}},{"start":{"line":145,"column":12},"end":{"line":145,"column":30}}]},"4":{"loc":{"start":{"line":142,"column":8},"end":{"line":143,"column":40}},"type":"binary-expr","locations":[{"start":{"line":142,"column":8},"end":{"line":142,"column":48}},{"start":{"line":143,"column":8},"end":{"line":143,"column":40}}]},"5":{"loc":{"start":{"line":165,"column":8},"end":{"line":167,"column":47}},"type":"cond-expr","locations":[{"start":{"line":166,"column":12},"end":{"line":166,"column":25}},{"start":{"line":167,"column":12},"end":{"line":167,"column":47}}]},"6":{"loc":{"start":{"line":256,"column":13},"end":{"line":283,"column":null}},"type":"binary-expr","locations":[{"start":{"line":256,"column":13},"end":{"line":256,"column":35}},{"start":{"line":257,"column":14},"end":{"line":282,"column":null}}]},"7":{"loc":{"start":{"line":286,"column":13},"end":{"line":294,"column":null}},"type":"binary-expr","locations":[{"start":{"line":286,"column":13},"end":{"line":286,"column":36}},{"start":{"line":287,"column":14},"end":{"line":293,"column":null}}]},"8":{"loc":{"start":{"line":297,"column":13},"end":{"line":333,"column":null}},"type":"binary-expr","locations":[{"start":{"line":297,"column":13},"end":{"line":297,"column":36}},{"start":{"line":298,"column":14},"end":{"line":332,"column":null}}]},"9":{"loc":{"start":{"line":458,"column":13},"end":{"line":458,"column":74}},"type":"cond-expr","locations":[{"start":{"line":458,"column":36},"end":{"line":458,"column":52}},{"start":{"line":458,"column":55},"end":{"line":458,"column":74}}]},"10":{"loc":{"start":{"line":460,"column":11},"end":{"line":464,"column":18}},"type":"cond-expr","locations":[{"start":{"line":461,"column":12},"end":{"line":462,"column":null}},{"start":{"line":464,"column":14},"end":{"line":464,"column":18}}]}},"s":{"0":1,"1":1,"2":1,"3":1,"4":1,"5":1,"6":30,"7":30,"8":30,"9":30,"10":26,"11":1,"12":1,"13":24,"14":24,"15":1,"16":1,"17":26,"18":30,"19":484,"20":20,"21":20,"22":20,"23":30,"24":2,"25":2,"26":2,"27":2,"28":2,"29":1,"30":1,"31":1,"32":1,"33":1,"34":30,"35":90,"36":5},"f":{"0":30,"1":26,"2":484,"3":20,"4":20,"5":2,"6":90,"7":5},"b":{"0":[1,24,1],"1":[26,26],"2":[26,26],"3":[0,20],"4":[20,18],"5":[1,0],"6":[30,1],"7":[30,28],"8":[30,1],"9":[2,28],"10":[4,26]}}
,"C:\\Users\\lucci\\OneDrive\\Documentos\\sld fullstack\\sld-frontend\\src\\components\\ServiceSummary\\ServiceSummary.tsx": {"path":"C:\\Users\\lucci\\OneDrive\\Documentos\\sld fullstack\\sld-frontend\\src\\components\\ServiceSummary\\ServiceSummary.tsx","statementMap":{"0":{"start":{"line":13,"column":0},"end":{"line":13,"column":16}},"1":{"start":{"line":7,"column":32},"end":{"line":11,"column":2}},"2":{"start":{"line":14,"column":2},"end":{"line":34,"column":4}},"3":{"start":{"line":26,"column":10},"end":{"line":26,"column":null}}},"fnMap":{"0":{"name":"ServiceSummary","decl":{"start":{"line":13,"column":16},"end":{"line":13,"column":30}},"loc":{"start":{"line":13,"column":30},"end":{"line":35,"column":1}}},"1":{"name":"(anonymous_1)","decl":{"start":{"line":25,"column":22},"end":{"line":25,"column":23}},"loc":{"start":{"line":26,"column":10},"end":{"line":26,"column":null}}}},"branchMap":{},"s":{"0":1,"1":1,"2":4,"3":12},"f":{"0":4,"1":12},"b":{}}
,"C:\\Users\\lucci\\OneDrive\\Documentos\\sld fullstack\\sld-frontend\\src\\components\\StudentWidget\\StudentWidget.tsx": {"path":"C:\\Users\\lucci\\OneDrive\\Documentos\\sld fullstack\\sld-frontend\\src\\components\\StudentWidget\\StudentWidget.tsx","statementMap":{"0":{"start":{"line":12,"column":0},"end":{"line":12,"column":16}},"1":{"start":{"line":6,"column":26},"end":{"line":10,"column":2}},"2":{"start":{"line":13,"column":2},"end":{"line":34,"column":4}},"3":{"start":{"line":27,"column":10},"end":{"line":27,"column":null}}},"fnMap":{"0":{"name":"StudentWidget","decl":{"start":{"line":12,"column":16},"end":{"line":12,"column":29}},"loc":{"start":{"line":12,"column":29},"end":{"line":35,"column":1}}},"1":{"name":"(anonymous_1)","decl":{"start":{"line":26,"column":21},"end":{"line":26,"column":22}},"loc":{"start":{"line":27,"column":10},"end":{"line":27,"column":null}}}},"branchMap":{},"s":{"0":1,"1":1,"2":3,"3":9},"f":{"0":3,"1":9},"b":{}}
,"C:\\Users\\lucci\\OneDrive\\Documentos\\sld fullstack\\sld-frontend\\src\\components\\UserList\\UserList.tsx": {"path":"C:\\Users\\lucci\\OneDrive\\Documentos\\sld fullstack\\sld-frontend\\src\\components\\UserList\\UserList.tsx","statementMap":{"0":{"start":{"line":17,"column":0},"end":{"line":17,"column":16}},"1":{"start":{"line":6,"column":0},"end":{"line":6,"column":44}},"2":{"start":{"line":8,"column":0},"end":{"line":8,"column":60}},"3":{"start":{"line":10,"column":19},"end":{"line":15,"column":28}},"4":{"start":{"line":11,"column":2},"end":{"line":15,"column":28}},"5":{"start":{"line":18,"column":28},"end":{"line":18,"column":58}},"6":{"start":{"line":20,"column":2},"end":{"line":31,"column":9}},"7":{"start":{"line":21,"column":27},"end":{"line":28,"column":5}},"8":{"start":{"line":22,"column":6},"end":{"line":27,"column":7}},"9":{"start":{"line":23,"column":21},"end":{"line":23,"column":42}},"10":{"start":{"line":24,"column":8},"end":{"line":24,"column":23}},"11":{"start":{"line":26,"column":8},"end":{"line":26,"column":29}},"12":{"start":{"line":30,"column":4},"end":{"line":30,"column":21}},"13":{"start":{"line":32,"column":2},"end":{"line":78,"column":4}},"14":{"start":{"line":56,"column":14},"end":{"line":56,"column":null}}},"fnMap":{"0":{"name":"(anonymous_0)","decl":{"start":{"line":10,"column":19},"end":{"line":10,"column":20}},"loc":{"start":{"line":11,"column":2},"end":{"line":15,"column":28}}},"1":{"name":"UserList","decl":{"start":{"line":17,"column":16},"end":{"line":17,"column":24}},"loc":{"start":{"line":17,"column":24},"end":{"line":79,"column":1}}},"2":{"name":"(anonymous_2)","decl":{"start":{"line":20,"column":12},"end":{"line":20,"column":15}},"loc":{"start":{"line":20,"column":17},"end":{"line":31,"column":3}}},"3":{"name":"(anonymous_3)","decl":{"start":{"line":21,"column":27},"end":{"line":21,"column":32}},"loc":{"start":{"line":21,"column":38},"end":{"line":28,"column":5}}},"4":{"name":"(anonymous_4)","decl":{"start":{"line":55,"column":23},"end":{"line":55,"column":24}},"loc":{"start":{"line":56,"column":14},"end":{"line":56,"column":null}}}},"branchMap":{},"s":{"0":1,"1":1,"2":1,"3":1,"4":2,"5":3,"6":3,"7":2,"8":2,"9":2,"10":1,"11":1,"12":2,"13":3,"14":1},"f":{"0":2,"1":3,"2":2,"3":2,"4":1},"b":{}}
,"C:\\Users\\lucci\\OneDrive\\Documentos\\sld fullstack\\sld-frontend\\src\\services\\api.service.ts": {"path":"C:\\Users\\lucci\\OneDrive\\Documentos\\sld fullstack\\sld-frontend\\src\\services\\api.service.ts","statementMap":{"0":{"start":{"line":4,"column":2},"end":{"line":4,"column":70}},"1":{"start":{"line":5,"column":13},"end":{"line":5,"column":69}},"2":{"start":{"line":7,"column":13},"end":{"line":11,"column":2}},"3":{"start":{"line":13,"column":30},"end":{"line":82,"column":1}},"4":{"start":{"line":14,"column":2},"end":{"line":68,"column":3}},"5":{"start":{"line":15,"column":20},"end":{"line":15,"column":41}},"6":{"start":{"line":16,"column":25},"end":{"line":16,"column":27}},"7":{"start":{"line":17,"column":17},"end":{"line":17,"column":22}},"8":{"start":{"line":20,"column":4},"end":{"line":28,"column":5}},"9":{"start":{"line":21,"column":6},"end":{"line":24,"column":7}},"10":{"start":{"line":22,"column":8},"end":{"line":22,"column":40}},"11":{"start":{"line":23,"column":8},"end":{"line":23,"column":22}},"12":{"start":{"line":27,"column":6},"end":{"line":27,"column":34}},"13":{"start":{"line":31,"column":23},"end":{"line":31,"column":42}},"14":{"start":{"line":33,"column":4},"end":{"line":42,"column":5}},"15":{"start":{"line":34,"column":6},"end":{"line":34,"column":60}},"16":{"start":{"line":35,"column":11},"end":{"line":42,"column":5}},"17":{"start":{"line":36,"column":6},"end":{"line":36,"column":74}},"18":{"start":{"line":37,"column":11},"end":{"line":42,"column":5}},"19":{"start":{"line":39,"column":6},"end":{"line":39,"column":97}},"20":{"start":{"line":41,"column":6},"end":{"line":41,"column":83}},"21":{"start":{"line":45,"column":24},"end":{"line":45,"column":54}},"22":{"start":{"line":46,"column":4},"end":{"line":46,"column":41}},"23":{"start":{"line":47,"column":4},"end":{"line":48,"column":73}},"24":{"start":{"line":49,"column":4},"end":{"line":50,"column":69}},"25":{"start":{"line":53,"column":4},"end":{"line":53,"column":56}},"26":{"start":{"line":54,"column":4},"end":{"line":54,"column":43}},"27":{"start":{"line":55,"column":4},"end":{"line":57,"column":6}},"28":{"start":{"line":58,"column":4},"end":{"line":58,"column":57}},"29":{"start":{"line":59,"column":4},"end":{"line":61,"column":6}},"30":{"start":{"line":62,"column":4},"end":{"line":64,"column":5}},"31":{"start":{"line":63,"column":6},"end":{"line":63,"column":50}},"32":{"start":{"line":65,"column":4},"end":{"line":65,"column":57}},"33":{"start":{"line":67,"column":4},"end":{"line":67,"column":22}},"34":{"start":{"line":71,"column":18},"end":{"line":71,"column":39}},"35":{"start":{"line":73,"column":2},"end":{"line":75,"column":3}},"36":{"start":{"line":74,"column":4},"end":{"line":74,"column":16}},"37":{"start":{"line":77,"column":2},"end":{"line":81,"column":3}},"38":{"start":{"line":78,"column":4},"end":{"line":78,"column":31}},"39":{"start":{"line":80,"column":4},"end":{"line":80,"column":19}},"40":{"start":{"line":13,"column":13},"end":{"line":13,"column":30}}},"fnMap":{"0":{"name":"(anonymous_0)","decl":{"start":{"line":13,"column":30},"end":{"line":13,"column":35}},"loc":{"start":{"line":13,"column":59},"end":{"line":82,"column":1}}}},"branchMap":{"0":{"loc":{"start":{"line":4,"column":2},"end":{"line":4,"column":70}},"type":"cond-expr","locations":[{"start":{"line":4,"column":45},"end":{"line":4,"column":65}},{"start":{"line":4,"column":68},"end":{"line":4,"column":70}}]},"1":{"loc":{"start":{"line":5,"column":23},"end":{"line":5,"column":68}},"type":"cond-expr","locations":[{"start":{"line":5,"column":36},"end":{"line":5,"column":63}},{"start":{"line":5,"column":66},"end":{"line":5,"column":68}}]},"2":{"loc":{"start":{"line":14,"column":2},"end":{"line":68,"column":3}},"type":"if","locations":[{"start":{"line":14,"column":2},"end":{"line":68,"column":3}},{"start":{},"end":{}}]},"3":{"loc":{"start":{"line":21,"column":6},"end":{"line":24,"column":7}},"type":"if","locations":[{"start":{"line":21,"column":6},"end":{"line":24,"column":7}},{"start":{},"end":{}}]},"4":{"loc":{"start":{"line":21,"column":10},"end":{"line":21,"column":42}},"type":"binary-expr","locations":[{"start":{"line":21,"column":10},"end":{"line":21,"column":17}},{"start":{"line":21,"column":21},"end":{"line":21,"column":42}}]},"5":{"loc":{"start":{"line":33,"column":4},"end":{"line":42,"column":5}},"type":"if","locations":[{"start":{"line":33,"column":4},"end":{"line":42,"column":5}},{"start":{"line":35,"column":11},"end":{"line":42,"column":5}}]},"6":{"loc":{"start":{"line":33,"column":8},"end":{"line":33,"column":58}},"type":"binary-expr","locations":[{"start":{"line":33,"column":8},"end":{"line":33,"column":14}},{"start":{"line":33,"column":19},"end":{"line":33,"column":36}},{"start":{"line":33,"column":40},"end":{"line":33,"column":57}}]},"7":{"loc":{"start":{"line":34,"column":21},"end":{"line":34,"column":59}},"type":"binary-expr","locations":[{"start":{"line":34,"column":21},"end":{"line":34,"column":38}},{"start":{"line":34,"column":42},"end":{"line":34,"column":59}}]},"8":{"loc":{"start":{"line":35,"column":11},"end":{"line":42,"column":5}},"type":"if","locations":[{"start":{"line":35,"column":11},"end":{"line":42,"column":5}},{"start":{"line":37,"column":11},"end":{"line":42,"column":5}}]},"9":{"loc":{"start":{"line":35,"column":15},"end":{"line":35,"column":67}},"type":"binary-expr","locations":[{"start":{"line":35,"column":15},"end":{"line":35,"column":32}},{"start":{"line":35,"column":36},"end":{"line":35,"column":67}}]},"10":{"loc":{"start":{"line":37,"column":11},"end":{"line":42,"column":5}},"type":"if","locations":[{"start":{"line":37,"column":11},"end":{"line":42,"column":5}},{"start":{"line":40,"column":11},"end":{"line":42,"column":5}}]},"11":{"loc":{"start":{"line":48,"column":6},"end":{"line":48,"column":72}},"type":"binary-expr","locations":[{"start":{"line":48,"column":6},"end":{"line":48,"column":20}},{"start":{"line":48,"column":24},"end":{"line":48,"column":43}},{"start":{"line":48,"column":47},"end":{"line":48,"column":72}}]},"12":{"loc":{"start":{"line":50,"column":6},"end":{"line":50,"column":68}},"type":"binary-expr","locations":[{"start":{"line":50,"column":6},"end":{"line":50,"column":21}},{"start":{"line":50,"column":26},"end":{"line":50,"column":67}}]},"13":{"loc":{"start":{"line":50,"column":26},"end":{"line":50,"column":67}},"type":"cond-expr","locations":[{"start":{"line":50,"column":35},"end":{"line":50,"column":47}},{"start":{"line":50,"column":50},"end":{"line":50,"column":67}}]},"14":{"loc":{"start":{"line":56,"column":40},"end":{"line":56,"column":84}},"type":"binary-expr","locations":[{"start":{"line":56,"column":40},"end":{"line":56,"column":59}},{"start":{"line":56,"column":63},"end":{"line":56,"column":84}}]},"15":{"loc":{"start":{"line":60,"column":35},"end":{"line":60,"column":91}},"type":"cond-expr","locations":[{"start":{"line":60,"column":45},"end":{"line":60,"column":59}},{"start":{"line":60,"column":62},"end":{"line":60,"column":91}}]},"16":{"loc":{"start":{"line":62,"column":4},"end":{"line":64,"column":5}},"type":"if","locations":[{"start":{"line":62,"column":4},"end":{"line":64,"column":5}},{"start":{},"end":{}}]},"17":{"loc":{"start":{"line":73,"column":2},"end":{"line":75,"column":3}},"type":"if","locations":[{"start":{"line":73,"column":2},"end":{"line":75,"column":3}},{"start":{},"end":{}}]}},"s":{"0":5,"1":5,"2":5,"3":5,"4":10,"5":6,"6":6,"7":6,"8":6,"9":6,"10":4,"11":3,"12":1,"13":6,"14":6,"15":3,"16":3,"17":1,"18":2,"19":1,"20":1,"21":6,"22":6,"23":6,"24":6,"25":6,"26":6,"27":6,"28":6,"29":6,"30":6,"31":3,"32":6,"33":6,"34":4,"35":4,"36":1,"37":3,"38":3,"39":1,"40":5},"f":{"0":10},"b":{"0":[0,5],"1":[0,5],"2":[6,4],"3":[4,2],"4":[6,4],"5":[3,3],"6":[6,3,1],"7":[3,1],"8":[1,2],"9":[3,1],"10":[1,1],"11":[6,4,1],"12":[6,4],"13":[1,3],"14":[6,1],"15":[4,2],"16":[3,3],"17":[1,3]}}
,"C:\\Users\\lucci\\OneDrive\\Documentos\\sld fullstack\\sld-frontend\\src\\services\\auth.service.ts": {"path":"C:\\Users\\lucci\\OneDrive\\Documentos\\sld fullstack\\sld-frontend\\src\\services\\auth.service.ts","statementMap":{"0":{"start":{"line":1,"column":0},"end":{"line":1,"column":52}},"1":{"start":{"line":7,"column":17},"end":{"line":7,"column":30}},"2":{"start":{"line":8,"column":18},"end":{"line":8,"column":32}},"3":{"start":{"line":10,"column":24},"end":{"line":23,"column":1}},"4":{"start":{"line":13,"column":19},"end":{"line":20,"column":4}},"5":{"start":{"line":22,"column":2},"end":{"line":22,"column":34}},"6":{"start":{"line":10,"column":13},"end":{"line":10,"column":24}},"7":{"start":{"line":25,"column":21},"end":{"line":35,"column":1}},"8":{"start":{"line":26,"column":19},"end":{"line":33,"column":4}},"9":{"start":{"line":34,"column":2},"end":{"line":34,"column":34}},"10":{"start":{"line":25,"column":13},"end":{"line":25,"column":21}}},"fnMap":{"0":{"name":"(anonymous_0)","decl":{"start":{"line":10,"column":24},"end":{"line":10,"column":29}},"loc":{"start":{"line":12,"column":27},"end":{"line":23,"column":1}}},"1":{"name":"(anonymous_1)","decl":{"start":{"line":25,"column":21},"end":{"line":25,"column":26}},"loc":{"start":{"line":25,"column":74},"end":{"line":35,"column":1}}}},"branchMap":{},"s":{"0":3,"1":3,"2":3,"3":3,"4":2,"5":2,"6":3,"7":3,"8":0,"9":0,"10":3},"f":{"0":2,"1":0},"b":{}}
,"C:\\Users\\lucci\\OneDrive\\Documentos\\sld fullstack\\sld-frontend\\src\\services\\user.service.ts": {"path":"C:\\Users\\lucci\\OneDrive\\Documentos\\sld fullstack\\sld-frontend\\src\\services\\user.service.ts","statementMap":{"0":{"start":{"line":1,"column":0},"end":{"line":1,"column":52}},"1":{"start":{"line":3,"column":17},"end":{"line":3,"column":25}},"2":{"start":{"line":4,"column":29},"end":{"line":9,"column":1}},"3":{"start":{"line":5,"column":19},"end":{"line":7,"column":4}},"4":{"start":{"line":8,"column":2},"end":{"line":8,"column":34}},"5":{"start":{"line":4,"column":13},"end":{"line":4,"column":29}}},"fnMap":{"0":{"name":"(anonymous_0)","decl":{"start":{"line":4,"column":29},"end":{"line":4,"column":34}},"loc":{"start":{"line":4,"column":67},"end":{"line":9,"column":1}}}},"branchMap":{},"s":{"0":1,"1":1,"2":1,"3":0,"4":0,"5":1},"f":{"0":0},"b":{}}
}
