TN:
SF:src/components/AuthCard/AuthCard.tsx
FN:1,AuthCard
FNF:1
FNH:1
FNDA:3,AuthCard
DA:1,1
DA:2,3
LF:2
LH:2
BRF:0
BRH:0
end_of_record
TN:
SF:src/components/ServiceSummary/ServiceSummary.tsx
FN:13,ServiceSummary
FN:25,(anonymous_1)
FNF:2
FNH:2
FNDA:4,ServiceSummary
FNDA:12,(anonymous_1)
DA:7,1
DA:13,1
DA:14,4
DA:26,12
LF:4
LH:4
BRF:0
BRH:0
end_of_record
TN:
SF:src/components/StudentWidget/StudentWidget.tsx
FN:12,StudentWidget
FN:26,(anonymous_1)
FNF:2
FNH:2
FNDA:3,StudentWidget
FNDA:9,(anonymous_1)
DA:6,1
DA:12,1
DA:13,3
DA:27,9
LF:4
LH:4
BRF:0
BRH:0
end_of_record
TN:
SF:src/services/register.ts
FN:6,(anonymous_0)
FN:21,(anonymous_1)
FNF:2
FNH:2
FNDA:4,(anonymous_0)
FNDA:1,(anonymous_1)
DA:4,1
DA:6,1
DA:9,4
DA:10,4
DA:19,3
DA:21,2
DA:24,2
DA:25,1
DA:29,1
DA:42,1
DA:43,1
DA:46,3
DA:47,2
DA:52,1
LF:14
LH:14
BRDA:19,0,0,2
BRDA:19,0,1,1
BRDA:24,1,0,1
BRDA:24,1,1,1
BRDA:24,2,0,2
BRDA:24,2,1,1
BRDA:32,3,0,1
BRDA:32,3,1,0
BRDA:46,4,0,2
BRDA:46,4,1,1
BRDA:46,5,0,3
BRDA:46,5,1,2
BRDA:57,6,0,1
BRDA:57,6,1,0
BRF:14
BRH:12
end_of_record
