TN:
SF:src\components\AuthCard\AuthCard.tsx
FN:13,(anonymous_0)
FN:27,AuthCard
FN:31,(anonymous_2)
FN:78,(anonymous_3)
FN:88,(anonymous_4)
FNF:5
FNH:4
FNDA:3,(anonymous_0)
FNDA:10,AuthCard
FNDA:4,(anonymous_2)
FNDA:3,(anonymous_3)
FNDA:0,(anonymous_4)
DA:1,1
DA:2,1
DA:13,1
DA:14,3
DA:16,3
DA:17,1
DA:20,2
DA:21,1
DA:24,1
DA:27,1
DA:28,10
DA:29,10
DA:31,10
DA:32,4
DA:33,4
DA:46,4
DA:48,4
DA:50,4
DA:52,4
DA:53,3
DA:56,0
DA:58,0
DA:62,10
DA:78,3
DA:88,0
LF:25
LH:22
BRDA:16,0,0,1
BRDA:16,0,1,2
BRDA:20,1,0,1
BRDA:20,1,1,1
BRDA:41,2,0,4
BRDA:41,2,1,0
BRDA:52,3,0,3
BRDA:52,3,1,1
BRF:8
BRH:7
end_of_record
TN:
SF:src\components\RegisterForm\RegisterForm.tsx
FN:71,RegisterForm
FN:78,(anonymous_1)
FN:135,(anonymous_2)
FN:136,(anonymous_3)
FN:147,(anonymous_4)
FN:152,(anonymous_5)
FN:216,(anonymous_6)
FN:267,(anonymous_7)
FNF:8
FNH:8
FNDA:30,RegisterForm
FNDA:26,(anonymous_1)
FNDA:484,(anonymous_2)
FNDA:20,(anonymous_3)
FNDA:20,(anonymous_4)
FNDA:2,(anonymous_5)
FNDA:90,(anonymous_6)
FNDA:5,(anonymous_7)
DA:1,1
DA:2,1
DA:36,1
DA:61,1
DA:63,1
DA:71,1
DA:72,30
DA:73,30
DA:76,30
DA:78,30
DA:81,26
DA:83,1
DA:87,1
DA:90,24
DA:93,24
DA:96,1
DA:102,1
DA:105,26
DA:135,30
DA:136,484
DA:142,20
DA:147,20
DA:152,30
DA:153,2
DA:155,2
DA:156,2
DA:158,2
DA:159,2
DA:161,1
DA:162,1
DA:165,1
DA:169,1
DA:170,1
DA:174,30
DA:217,90
DA:268,5
LF:36
LH:36
BRDA:81,0,0,1
BRDA:81,0,1,24
BRDA:81,0,2,1
BRDA:122,1,0,26
BRDA:122,1,1,26
BRDA:124,2,0,26
BRDA:124,2,1,26
BRDA:142,3,0,0
BRDA:142,3,1,20
BRDA:142,4,0,20
BRDA:142,4,1,18
BRDA:165,5,0,1
BRDA:165,5,1,0
BRDA:256,6,0,30
BRDA:256,6,1,1
BRDA:286,7,0,30
BRDA:286,7,1,28
BRDA:297,8,0,30
BRDA:297,8,1,1
BRDA:458,9,0,2
BRDA:458,9,1,28
BRDA:460,10,0,4
BRDA:460,10,1,26
BRF:23
BRH:21
end_of_record
TN:
SF:src\components\ServiceSummary\ServiceSummary.tsx
FN:13,ServiceSummary
FN:25,(anonymous_1)
FNF:2
FNH:2
FNDA:4,ServiceSummary
FNDA:12,(anonymous_1)
DA:7,1
DA:13,1
DA:14,4
DA:26,12
LF:4
LH:4
BRF:0
BRH:0
end_of_record
TN:
SF:src\components\StudentWidget\StudentWidget.tsx
FN:12,StudentWidget
FN:26,(anonymous_1)
FNF:2
FNH:2
FNDA:3,StudentWidget
FNDA:9,(anonymous_1)
DA:6,1
DA:12,1
DA:13,3
DA:27,9
LF:4
LH:4
BRF:0
BRH:0
end_of_record
TN:
SF:src\components\UserList\UserList.tsx
FN:10,(anonymous_0)
FN:17,UserList
FN:20,(anonymous_2)
FN:21,(anonymous_3)
FN:55,(anonymous_4)
FNF:5
FNH:5
FNDA:2,(anonymous_0)
FNDA:3,UserList
FNDA:2,(anonymous_2)
FNDA:2,(anonymous_3)
FNDA:1,(anonymous_4)
DA:6,1
DA:8,1
DA:10,1
DA:11,2
DA:17,1
DA:18,3
DA:20,3
DA:21,2
DA:22,2
DA:23,2
DA:24,1
DA:26,1
DA:30,2
DA:32,3
DA:56,1
LF:15
LH:15
BRF:0
BRH:0
end_of_record
TN:
SF:src\services\api.service.ts
FN:13,(anonymous_0)
FNF:1
FNH:1
FNDA:10,(anonymous_0)
DA:4,5
DA:5,5
DA:7,5
DA:13,5
DA:14,10
DA:15,6
DA:16,6
DA:17,6
DA:20,6
DA:21,6
DA:22,4
DA:23,3
DA:27,1
DA:31,6
DA:33,6
DA:34,3
DA:35,3
DA:36,1
DA:37,2
DA:39,1
DA:41,1
DA:45,6
DA:46,6
DA:47,6
DA:49,6
DA:53,6
DA:54,6
DA:55,6
DA:58,6
DA:59,6
DA:62,6
DA:63,3
DA:65,6
DA:67,6
DA:71,4
DA:73,4
DA:74,1
DA:77,3
DA:78,3
DA:80,1
LF:40
LH:40
BRDA:4,0,0,0
BRDA:4,0,1,5
BRDA:5,1,0,0
BRDA:5,1,1,5
BRDA:14,2,0,6
BRDA:14,2,1,4
BRDA:21,3,0,4
BRDA:21,3,1,2
BRDA:21,4,0,6
BRDA:21,4,1,4
BRDA:33,5,0,3
BRDA:33,5,1,3
BRDA:33,6,0,6
BRDA:33,6,1,3
BRDA:33,6,2,1
BRDA:34,7,0,3
BRDA:34,7,1,1
BRDA:35,8,0,1
BRDA:35,8,1,2
BRDA:35,9,0,3
BRDA:35,9,1,1
BRDA:37,10,0,1
BRDA:37,10,1,1
BRDA:48,11,0,6
BRDA:48,11,1,4
BRDA:48,11,2,1
BRDA:50,12,0,6
BRDA:50,12,1,4
BRDA:50,13,0,1
BRDA:50,13,1,3
BRDA:56,14,0,6
BRDA:56,14,1,1
BRDA:60,15,0,4
BRDA:60,15,1,2
BRDA:62,16,0,3
BRDA:62,16,1,3
BRDA:73,17,0,1
BRDA:73,17,1,3
BRF:38
BRH:36
end_of_record
TN:
SF:src\services\auth.service.ts
FN:10,(anonymous_0)
FN:25,(anonymous_1)
FNF:2
FNH:1
FNDA:2,(anonymous_0)
FNDA:0,(anonymous_1)
DA:1,3
DA:7,3
DA:8,3
DA:10,3
DA:13,2
DA:22,2
DA:25,3
DA:26,0
DA:34,0
LF:9
LH:7
BRF:0
BRH:0
end_of_record
TN:
SF:src\services\user.service.ts
FN:4,(anonymous_0)
FNF:1
FNH:0
FNDA:0,(anonymous_0)
DA:1,1
DA:3,1
DA:4,1
DA:5,0
DA:8,0
LF:5
LH:3
BRF:0
BRH:0
end_of_record
